<?xml version="1.0" encoding="UTF-8"?>
<!-- Generated by org.testng.reporters.JUnitReportReporter -->
<testsuite hostname="vneelapu" failures="0" tests="1" name="com.amazon1.testCases.TC3_SignIn" time="33.167" errors="0" timestamp="12 Nov 2019 04:04:33 GMT" skipped="0">
  <testcase classname="com.amazon1.testCases.TC3_SignIn" name="signIN" time="33.167"/>
</testsuite> <!-- com.amazon1.testCases.TC3_SignIn -->
