<?xml version="1.0" encoding="UTF-8"?>
<!-- Generated by org.testng.reporters.JUnitReportReporter -->
<testsuite hostname="vneelapu" failures="0" tests="1" name="com.amazon1.testCases.TC2_RegistrationFail" time="18.949" errors="0" timestamp="11 Nov 2019 14:03:40 GMT" skipped="0">
  <testcase classname="com.amazon1.testCases.TC2_RegistrationFail" name="registerTestFail" time="18.949"/>
</testsuite> <!-- com.amazon1.testCases.TC2_RegistrationFail -->
